<?xml version="1.0" encoding="UTF-8"?>
<Site BuildName="(empty)"
	BuildStamp="20250317-1349-Experimental"
	Name="sogo-pc"
	Generator="ctest-3.16.3"
	CompilerName="/usr/bin/g++"
	CompilerVersion="9.4.0"
	OSName="Linux"
	Hostname="sogo-pc"
	OSRelease="5.15.0-134-generic"
	OSVersion="#145~20.04.1-Ubuntu SMP Mon Feb 17 13:27:16 UTC 2025"
	OSPlatform="x86_64"
	Is64Bits="1"
	VendorString="AuthenticAMD"
	VendorID="Advanced Micro Devices"
	FamilyID="25"
	ModelID="80"
	ProcessorCacheSize="512"
	NumberOfLogicalCPU="12"
	NumberOfPhysicalCPU="6"
	TotalVirtualMemory="2047"
	TotalPhysicalMemory="15330"
	LogicalProcessorsPerPhysical="2"
	ProcessorClockFrequency="2380.79"
	>
	<Testing>
		<StartDateTime>Mar 17 20:49 WIB</StartDateTime>
		<StartTestTime>1742219343</StartTestTime>
		<TestList/>
		<EndDateTime>Mar 17 20:49 WIB</EndDateTime>
		<EndTestTime>1742219343</EndTestTime>
		<ElapsedMinutes>0</ElapsedMinutes>
	</Testing>
</Site>
